Analysis & Synthesis report for frogger
Fri Dec 08 11:48:14 2023
Quartus Prime Version 16.1.0 Build 196 10/24/2016 SJ Lite Edition


---------------------
; Table of Contents ;
---------------------
  1. Legal Notice
  2. Analysis & Synthesis Summary
  3. Analysis & Synthesis Settings
  4. Parallel Compilation
  5. Analysis & Synthesis Source Files Read
  6. Analysis & Synthesis Resource Usage Summary
  7. Analysis & Synthesis Resource Utilization by Entity
  8. State Machine - |frogger|vga_driver:driver|v_state
  9. State Machine - |frogger|vga_driver:driver|h_state
 10. Registers Removed During Synthesis
 11. Removed Registers Triggering Further Register Optimizations
 12. General Register Statistics
 13. Multiplexer Restructuring Statistics (Restructuring Performed)
 14. Parameter Settings for User Entity Instance: Top-level Entity: |frogger
 15. Parameter Settings for User Entity Instance: Clock_divider:clk_25_MHz
 16. Parameter Settings for User Entity Instance: vga_driver:driver
 17. Parameter Settings for User Entity Instance: Clock_divider_E1:clk_E1
 18. Port Connectivity Checks: "Clock_divider_E1:clk_E1"
 19. Port Connectivity Checks: "vga_driver:driver"
 20. Post-Synthesis Netlist Statistics for Top Partition
 21. Elapsed Time Per Partition
 22. Analysis & Synthesis Messages



----------------
; Legal Notice ;
----------------
Copyright (C) 2016  Intel Corporation. All rights reserved.
Your use of Intel Corporation's design tools, logic functions 
and other software and tools, and its AMPP partner logic 
functions, and any output files from any of the foregoing 
(including device programming or simulation files), and any 
associated documentation or information are expressly subject 
to the terms and conditions of the Intel Program License 
Subscription Agreement, the Intel Quartus Prime License Agreement,
the Intel MegaCore Function License Agreement, or other 
applicable license agreement, including, without limitation, 
that your use is for the sole purpose of programming logic 
devices manufactured by Intel and sold by Intel or its 
authorized distributors.  Please refer to the applicable 
agreement for further details.



+----------------------------------------------------------------------------------+
; Analysis & Synthesis Summary                                                     ;
+------------------------------------+---------------------------------------------+
; Analysis & Synthesis Status        ; Successful - Fri Dec 08 11:48:14 2023       ;
; Quartus Prime Version              ; 16.1.0 Build 196 10/24/2016 SJ Lite Edition ;
; Revision Name                      ; frogger                                     ;
; Top-level Entity Name              ; frogger                                     ;
; Family                             ; Cyclone IV E                                ;
; Total logic elements               ; 356                                         ;
;     Total combinational functions  ; 354                                         ;
;     Dedicated logic registers      ; 116                                         ;
; Total registers                    ; 116                                         ;
; Total pins                         ; 49                                          ;
; Total virtual pins                 ; 0                                           ;
; Total memory bits                  ; 0                                           ;
; Embedded Multiplier 9-bit elements ; 0                                           ;
; Total PLLs                         ; 0                                           ;
+------------------------------------+---------------------------------------------+


+----------------------------------------------------------------------------------------------------------------------+
; Analysis & Synthesis Settings                                                                                        ;
+----------------------------------------------------------------------------+--------------------+--------------------+
; Option                                                                     ; Setting            ; Default Value      ;
+----------------------------------------------------------------------------+--------------------+--------------------+
; Device                                                                     ; EP4CE115F29C7      ;                    ;
; Top-level entity name                                                      ; frogger            ; frogger            ;
; Family name                                                                ; Cyclone IV E       ; Cyclone V          ;
; Use smart compilation                                                      ; Off                ; Off                ;
; Enable parallel Assembler and TimeQuest Timing Analyzer during compilation ; On                 ; On                 ;
; Enable compact report table                                                ; Off                ; Off                ;
; Restructure Multiplexers                                                   ; Auto               ; Auto               ;
; Create Debugging Nodes for IP Cores                                        ; Off                ; Off                ;
; Preserve fewer node names                                                  ; On                 ; On                 ;
; OpenCore Plus hardware evaluation                                          ; Enable             ; Enable             ;
; Verilog Version                                                            ; Verilog_2001       ; Verilog_2001       ;
; VHDL Version                                                               ; VHDL_1993          ; VHDL_1993          ;
; State Machine Processing                                                   ; Auto               ; Auto               ;
; Safe State Machine                                                         ; Off                ; Off                ;
; Extract Verilog State Machines                                             ; On                 ; On                 ;
; Extract VHDL State Machines                                                ; On                 ; On                 ;
; Ignore Verilog initial constructs                                          ; Off                ; Off                ;
; Iteration limit for constant Verilog loops                                 ; 5000               ; 5000               ;
; Iteration limit for non-constant Verilog loops                             ; 250                ; 250                ;
; Add Pass-Through Logic to Inferred RAMs                                    ; On                 ; On                 ;
; Infer RAMs from Raw Logic                                                  ; On                 ; On                 ;
; Parallel Synthesis                                                         ; On                 ; On                 ;
; DSP Block Balancing                                                        ; Auto               ; Auto               ;
; NOT Gate Push-Back                                                         ; On                 ; On                 ;
; Power-Up Don't Care                                                        ; On                 ; On                 ;
; Remove Redundant Logic Cells                                               ; Off                ; Off                ;
; Remove Duplicate Registers                                                 ; On                 ; On                 ;
; Ignore CARRY Buffers                                                       ; Off                ; Off                ;
; Ignore CASCADE Buffers                                                     ; Off                ; Off                ;
; Ignore GLOBAL Buffers                                                      ; Off                ; Off                ;
; Ignore ROW GLOBAL Buffers                                                  ; Off                ; Off                ;
; Ignore LCELL Buffers                                                       ; Off                ; Off                ;
; Ignore SOFT Buffers                                                        ; On                 ; On                 ;
; Limit AHDL Integers to 32 Bits                                             ; Off                ; Off                ;
; Optimization Technique                                                     ; Balanced           ; Balanced           ;
; Carry Chain Length                                                         ; 70                 ; 70                 ;
; Auto Carry Chains                                                          ; On                 ; On                 ;
; Auto Open-Drain Pins                                                       ; On                 ; On                 ;
; Perform WYSIWYG Primitive Resynthesis                                      ; Off                ; Off                ;
; Auto ROM Replacement                                                       ; On                 ; On                 ;
; Auto RAM Replacement                                                       ; On                 ; On                 ;
; Auto DSP Block Replacement                                                 ; On                 ; On                 ;
; Auto Shift Register Replacement                                            ; Auto               ; Auto               ;
; Allow Shift Register Merging across Hierarchies                            ; Auto               ; Auto               ;
; Auto Clock Enable Replacement                                              ; On                 ; On                 ;
; Strict RAM Replacement                                                     ; Off                ; Off                ;
; Allow Synchronous Control Signals                                          ; On                 ; On                 ;
; Force Use of Synchronous Clear Signals                                     ; Off                ; Off                ;
; Auto RAM Block Balancing                                                   ; On                 ; On                 ;
; Auto RAM to Logic Cell Conversion                                          ; Off                ; Off                ;
; Auto Resource Sharing                                                      ; Off                ; Off                ;
; Allow Any RAM Size For Recognition                                         ; Off                ; Off                ;
; Allow Any ROM Size For Recognition                                         ; Off                ; Off                ;
; Allow Any Shift Register Size For Recognition                              ; Off                ; Off                ;
; Use LogicLock Constraints during Resource Balancing                        ; On                 ; On                 ;
; Ignore translate_off and synthesis_off directives                          ; Off                ; Off                ;
; Timing-Driven Synthesis                                                    ; On                 ; On                 ;
; Report Parameter Settings                                                  ; On                 ; On                 ;
; Report Source Assignments                                                  ; On                 ; On                 ;
; Report Connectivity Checks                                                 ; On                 ; On                 ;
; Ignore Maximum Fan-Out Assignments                                         ; Off                ; Off                ;
; Synchronization Register Chain Length                                      ; 2                  ; 2                  ;
; PowerPlay Power Optimization During Synthesis                              ; Normal compilation ; Normal compilation ;
; HDL message level                                                          ; Level2             ; Level2             ;
; Suppress Register Optimization Related Messages                            ; Off                ; Off                ;
; Number of Removed Registers Reported in Synthesis Report                   ; 5000               ; 5000               ;
; Number of Swept Nodes Reported in Synthesis Report                         ; 5000               ; 5000               ;
; Number of Inverted Registers Reported in Synthesis Report                  ; 100                ; 100                ;
; Clock MUX Protection                                                       ; On                 ; On                 ;
; Auto Gated Clock Conversion                                                ; Off                ; Off                ;
; Block Design Naming                                                        ; Auto               ; Auto               ;
; SDC constraint protection                                                  ; Off                ; Off                ;
; Synthesis Effort                                                           ; Auto               ; Auto               ;
; Shift Register Replacement - Allow Asynchronous Clear Signal               ; On                 ; On                 ;
; Pre-Mapping Resynthesis Optimization                                       ; Off                ; Off                ;
; Analysis & Synthesis Message Level                                         ; Medium             ; Medium             ;
; Disable Register Merging Across Hierarchies                                ; Auto               ; Auto               ;
; Resource Aware Inference For Block RAM                                     ; On                 ; On                 ;
+----------------------------------------------------------------------------+--------------------+--------------------+


+------------------------------------------+
; Parallel Compilation                     ;
+----------------------------+-------------+
; Processors                 ; Number      ;
+----------------------------+-------------+
; Number detected on machine ; 8           ;
; Maximum allowed            ; 4           ;
;                            ;             ;
; Average used               ; 1.00        ;
; Maximum used               ; 4           ;
;                            ;             ;
; Usage by Processor         ; % Time Used ;
;     Processor 1            ; 100.0%      ;
;     Processor 2            ;   0.1%      ;
;     Processor 3            ;   0.1%      ;
;     Processor 4            ;   0.1%      ;
+----------------------------+-------------+


+--------------------------------------------------------------------------------------------------------------------------------------------------------------------+
; Analysis & Synthesis Source Files Read                                                                                                                             ;
+----------------------------------+-----------------+------------------------+----------------------------------------------------------------------------+---------+
; File Name with User-Entered Path ; Used in Netlist ; File Type              ; File Name with Absolute Path                                               ; Library ;
+----------------------------------+-----------------+------------------------+----------------------------------------------------------------------------+---------+
; frogger.v                        ; yes             ; User Verilog HDL File  ; C:/Users/benjamad/Documents/GitHub/ECE306_Final_Project/frogger.v          ;         ;
; vga_driver.v                     ; yes             ; User Verilog HDL File  ; C:/Users/benjamad/Documents/GitHub/ECE306_Final_Project/vga_driver.v       ;         ;
; Clock_divider.v                  ; yes             ; User Verilog HDL File  ; C:/Users/benjamad/Documents/GitHub/ECE306_Final_Project/Clock_divider.v    ;         ;
; Clock_divider_E1.v               ; yes             ; User Verilog HDL File  ; C:/Users/benjamad/Documents/GitHub/ECE306_Final_Project/Clock_divider_E1.v ;         ;
+----------------------------------+-----------------+------------------------+----------------------------------------------------------------------------+---------+


+-----------------------------------------------------------+
; Analysis & Synthesis Resource Usage Summary               ;
+---------------------------------------------+-------------+
; Resource                                    ; Usage       ;
+---------------------------------------------+-------------+
; Estimated Total logic elements              ; 356         ;
;                                             ;             ;
; Total combinational functions               ; 354         ;
; Logic element usage by number of LUT inputs ;             ;
;     -- 4 input functions                    ; 165         ;
;     -- 3 input functions                    ; 68          ;
;     -- <=2 input functions                  ; 121         ;
;                                             ;             ;
; Logic elements by mode                      ;             ;
;     -- normal mode                          ; 278         ;
;     -- arithmetic mode                      ; 76          ;
;                                             ;             ;
; Total registers                             ; 116         ;
;     -- Dedicated logic registers            ; 116         ;
;     -- I/O registers                        ; 0           ;
;                                             ;             ;
; I/O pins                                    ; 49          ;
;                                             ;             ;
; Embedded Multiplier 9-bit elements          ; 0           ;
;                                             ;             ;
; Maximum fan-out node                        ; reset~input ;
; Maximum fan-out                             ; 175         ;
; Total fan-out                               ; 1511        ;
; Average fan-out                             ; 2.66        ;
+---------------------------------------------+-------------+


+-----------------------------------------------------------------------------------------------------------------------------------------------------------------------------------------------------------------------------+
; Analysis & Synthesis Resource Utilization by Entity                                                                                                                                                                         ;
+-------------------------------+---------------------+---------------------------+-------------+--------------+---------+-----------+------+--------------+-----------------------------------+---------------+--------------+
; Compilation Hierarchy Node    ; Combinational ALUTs ; Dedicated Logic Registers ; Memory Bits ; DSP Elements ; DSP 9x9 ; DSP 18x18 ; Pins ; Virtual Pins ; Full Hierarchy Name               ; Entity Name   ; Library Name ;
+-------------------------------+---------------------+---------------------------+-------------+--------------+---------+-----------+------+--------------+-----------------------------------+---------------+--------------+
; |frogger                      ; 354 (251)           ; 116 (53)                  ; 0           ; 0            ; 0       ; 0         ; 49   ; 0            ; |frogger                          ; frogger       ; work         ;
;    |Clock_divider:clk_25_MHz| ; 38 (38)             ; 29 (29)                   ; 0           ; 0            ; 0       ; 0         ; 0    ; 0            ; |frogger|Clock_divider:clk_25_MHz ; Clock_divider ; work         ;
;    |vga_driver:driver|        ; 65 (65)             ; 34 (34)                   ; 0           ; 0            ; 0       ; 0         ; 0    ; 0            ; |frogger|vga_driver:driver        ; vga_driver    ; work         ;
+-------------------------------+---------------------+---------------------------+-------------+--------------+---------+-----------+------+--------------+-----------------------------------+---------------+--------------+
Note: For table entries with two numbers listed, the numbers in parentheses indicate the number of resources of the given type used by the specific entity alone. The numbers listed outside of parentheses indicate the total resources of the given type used by the specific entity and all of its sub-entities in the hierarchy.


Encoding Type:  One-Hot
+------------------------------------------------------------------------------------------------------------------------+
; State Machine - |frogger|vga_driver:driver|v_state                                                                     ;
+------------------------+----------------------+-----------------------+-----------------------+------------------------+
; Name                   ; v_state.V_BACK_STATE ; v_state.V_PULSE_STATE ; v_state.V_FRONT_STATE ; v_state.V_ACTIVE_STATE ;
+------------------------+----------------------+-----------------------+-----------------------+------------------------+
; v_state.V_ACTIVE_STATE ; 0                    ; 0                     ; 0                     ; 0                      ;
; v_state.V_FRONT_STATE  ; 0                    ; 0                     ; 1                     ; 1                      ;
; v_state.V_PULSE_STATE  ; 0                    ; 1                     ; 0                     ; 1                      ;
; v_state.V_BACK_STATE   ; 1                    ; 0                     ; 0                     ; 1                      ;
+------------------------+----------------------+-----------------------+-----------------------+------------------------+


Encoding Type:  One-Hot
+------------------------------------------------------------------------------------------------------------------------+
; State Machine - |frogger|vga_driver:driver|h_state                                                                     ;
+------------------------+----------------------+-----------------------+-----------------------+------------------------+
; Name                   ; h_state.H_BACK_STATE ; h_state.H_PULSE_STATE ; h_state.H_FRONT_STATE ; h_state.H_ACTIVE_STATE ;
+------------------------+----------------------+-----------------------+-----------------------+------------------------+
; h_state.H_ACTIVE_STATE ; 0                    ; 0                     ; 0                     ; 0                      ;
; h_state.H_FRONT_STATE  ; 0                    ; 0                     ; 1                     ; 1                      ;
; h_state.H_PULSE_STATE  ; 0                    ; 1                     ; 0                     ; 1                      ;
; h_state.H_BACK_STATE   ; 1                    ; 0                     ; 0                     ; 1                      ;
+------------------------+----------------------+-----------------------+-----------------------+------------------------+


+---------------------------------------------------------------------------------+
; Registers Removed During Synthesis                                              ;
+----------------------------------------+----------------------------------------+
; Register name                          ; Reason for Removal                     ;
+----------------------------------------+----------------------------------------+
; color_in[0,1,5..7]                     ; Stuck at GND due to stuck port data_in ;
; vga_driver:driver|red_reg[0]           ; Stuck at GND due to stuck port data_in ;
; vga_driver:driver|green_reg[0..4]      ; Stuck at GND due to stuck port data_in ;
; vga_driver:driver|blue_reg[0..5]       ; Stuck at GND due to stuck port data_in ;
; vga_driver:driver|red_reg[1..7]        ; Stuck at GND due to stuck port data_in ;
; vga_driver:driver|blue_reg[6,7]        ; Stuck at GND due to stuck port data_in ;
; color_in[3,4]                          ; Merged with color_in[2]                ;
; vga_driver:driver|v_state~5            ; Lost fanout                            ;
; vga_driver:driver|v_state~6            ; Lost fanout                            ;
; vga_driver:driver|v_state~7            ; Lost fanout                            ;
; vga_driver:driver|v_state~8            ; Lost fanout                            ;
; vga_driver:driver|v_state~9            ; Lost fanout                            ;
; vga_driver:driver|v_state~10           ; Lost fanout                            ;
; vga_driver:driver|v_state~11           ; Lost fanout                            ;
; vga_driver:driver|v_state~12           ; Lost fanout                            ;
; vga_driver:driver|h_state~5            ; Lost fanout                            ;
; vga_driver:driver|h_state~6            ; Lost fanout                            ;
; vga_driver:driver|h_state~7            ; Lost fanout                            ;
; vga_driver:driver|h_state~8            ; Lost fanout                            ;
; vga_driver:driver|h_state~9            ; Lost fanout                            ;
; vga_driver:driver|h_state~10           ; Lost fanout                            ;
; vga_driver:driver|h_state~11           ; Lost fanout                            ;
; vga_driver:driver|h_state~12           ; Lost fanout                            ;
; Total Number of Removed Registers = 44 ;                                        ;
+----------------------------------------+----------------------------------------+


+------------------------------------------------------------------------------------+
; Removed Registers Triggering Further Register Optimizations                        ;
+---------------+---------------------------+----------------------------------------+
; Register name ; Reason for Removal        ; Registers Removed due to This Register ;
+---------------+---------------------------+----------------------------------------+
; color_in[7]   ; Stuck at GND              ; vga_driver:driver|red_reg[7]           ;
;               ; due to stuck port data_in ;                                        ;
; color_in[6]   ; Stuck at GND              ; vga_driver:driver|red_reg[6]           ;
;               ; due to stuck port data_in ;                                        ;
; color_in[5]   ; Stuck at GND              ; vga_driver:driver|red_reg[5]           ;
;               ; due to stuck port data_in ;                                        ;
; color_in[1]   ; Stuck at GND              ; vga_driver:driver|blue_reg[7]          ;
;               ; due to stuck port data_in ;                                        ;
; color_in[0]   ; Stuck at GND              ; vga_driver:driver|blue_reg[6]          ;
;               ; due to stuck port data_in ;                                        ;
+---------------+---------------------------+----------------------------------------+


+------------------------------------------------------+
; General Register Statistics                          ;
+----------------------------------------------+-------+
; Statistic                                    ; Value ;
+----------------------------------------------+-------+
; Total registers                              ; 116   ;
; Number of registers using Synchronous Clear  ; 55    ;
; Number of registers using Synchronous Load   ; 0     ;
; Number of registers using Asynchronous Clear ; 53    ;
; Number of registers using Asynchronous Load  ; 0     ;
; Number of registers using Clock Enable       ; 15    ;
; Number of registers using Preset             ; 0     ;
+----------------------------------------------+-------+


+-------------------------------------------------------------------------------------------------------------------------------------------------------+
; Multiplexer Restructuring Statistics (Restructuring Performed)                                                                                        ;
+--------------------+-----------+---------------+----------------------+------------------------+------------+-----------------------------------------+
; Multiplexer Inputs ; Bus Width ; Baseline Area ; Area if Restructured ; Saving if Restructured ; Registered ; Example Multiplexer Output              ;
+--------------------+-----------+---------------+----------------------+------------------------+------------+-----------------------------------------+
; 10:1               ; 10 bits   ; 60 LEs        ; 10 LEs               ; 50 LEs                 ; Yes        ; |frogger|vga_driver:driver|v_counter[1] ;
; 10:1               ; 10 bits   ; 60 LEs        ; 10 LEs               ; 50 LEs                 ; Yes        ; |frogger|vga_driver:driver|h_counter[2] ;
+--------------------+-----------+---------------+----------------------+------------------------+------------+-----------------------------------------+


+-------------------------------------------------------------------------+
; Parameter Settings for User Entity Instance: Top-level Entity: |frogger ;
+----------------+-------+------------------------------------------------+
; Parameter Name ; Value ; Type                                           ;
+----------------+-------+------------------------------------------------+
; START          ; 0000  ; Unsigned Binary                                ;
; MOVE1          ; 0001  ; Unsigned Binary                                ;
; MOVE2          ; 0010  ; Unsigned Binary                                ;
; MOVE3          ; 0011  ; Unsigned Binary                                ;
; MOVE4          ; 0100  ; Unsigned Binary                                ;
; MOVE5          ; 0101  ; Unsigned Binary                                ;
; MOVE6          ; 0110  ; Unsigned Binary                                ;
; MOVE7          ; 0111  ; Unsigned Binary                                ;
; MOVE8          ; 1000  ; Unsigned Binary                                ;
; DONE           ; 1001  ; Unsigned Binary                                ;
; E1M1           ; 00000 ; Unsigned Binary                                ;
; E1M2           ; 00001 ; Unsigned Binary                                ;
; E1M3           ; 00010 ; Unsigned Binary                                ;
; E1M4           ; 00011 ; Unsigned Binary                                ;
; E1M5           ; 00100 ; Unsigned Binary                                ;
; E1M6           ; 00101 ; Unsigned Binary                                ;
; E1M7           ; 00110 ; Unsigned Binary                                ;
; E1M8           ; 00111 ; Unsigned Binary                                ;
; E1M9           ; 01000 ; Unsigned Binary                                ;
; E1M10          ; 01001 ; Unsigned Binary                                ;
; E1M11          ; 01010 ; Unsigned Binary                                ;
; E1M12          ; 01011 ; Unsigned Binary                                ;
; E1M13          ; 01100 ; Unsigned Binary                                ;
; E1M14          ; 01101 ; Unsigned Binary                                ;
; E1M15          ; 01110 ; Unsigned Binary                                ;
; E1M16          ; 01111 ; Unsigned Binary                                ;
; E1M17          ; 10000 ; Unsigned Binary                                ;
; E1M18          ; 10001 ; Unsigned Binary                                ;
; E1M19          ; 10010 ; Unsigned Binary                                ;
; E1M20          ; 10011 ; Unsigned Binary                                ;
+----------------+-------+------------------------------------------------+
Note: In order to hide this table in the UI and the text report file, please set the "Show Parameter Settings in Synthesis Report" option in "Analysis and Synthesis Settings -> More Settings" to "Off".


+-----------------------------------------------------------------------+
; Parameter Settings for User Entity Instance: Clock_divider:clk_25_MHz ;
+----------------+------------------------------+-----------------------+
; Parameter Name ; Value                        ; Type                  ;
+----------------+------------------------------+-----------------------+
; DIVISOR        ; 0000000000000000000000000010 ; Unsigned Binary       ;
+----------------+------------------------------+-----------------------+
Note: In order to hide this table in the UI and the text report file, please set the "Show Parameter Settings in Synthesis Report" option in "Analysis and Synthesis Settings -> More Settings" to "Off".


+----------------------------------------------------------------+
; Parameter Settings for User Entity Instance: vga_driver:driver ;
+----------------+------------+----------------------------------+
; Parameter Name ; Value      ; Type                             ;
+----------------+------------+----------------------------------+
; H_ACTIVE       ; 1001111111 ; Unsigned Binary                  ;
; H_FRONT        ; 0000001111 ; Unsigned Binary                  ;
; H_PULSE        ; 0001011111 ; Unsigned Binary                  ;
; H_BACK         ; 0000101111 ; Unsigned Binary                  ;
; V_ACTIVE       ; 0111011111 ; Unsigned Binary                  ;
; V_FRONT        ; 0000001001 ; Unsigned Binary                  ;
; V_PULSE        ; 0000000001 ; Unsigned Binary                  ;
; V_BACK         ; 0000100000 ; Unsigned Binary                  ;
; LOW            ; 0          ; Unsigned Binary                  ;
; HIGH           ; 1          ; Unsigned Binary                  ;
; H_ACTIVE_STATE ; 00000000   ; Unsigned Binary                  ;
; H_FRONT_STATE  ; 00000001   ; Unsigned Binary                  ;
; H_PULSE_STATE  ; 00000010   ; Unsigned Binary                  ;
; H_BACK_STATE   ; 00000011   ; Unsigned Binary                  ;
; V_ACTIVE_STATE ; 00000000   ; Unsigned Binary                  ;
; V_FRONT_STATE  ; 00000001   ; Unsigned Binary                  ;
; V_PULSE_STATE  ; 00000010   ; Unsigned Binary                  ;
; V_BACK_STATE   ; 00000011   ; Unsigned Binary                  ;
+----------------+------------+----------------------------------+
Note: In order to hide this table in the UI and the text report file, please set the "Show Parameter Settings in Synthesis Report" option in "Analysis and Synthesis Settings -> More Settings" to "Off".


+----------------------------------------------------------------------+
; Parameter Settings for User Entity Instance: Clock_divider_E1:clk_E1 ;
+----------------+------------------------------+----------------------+
; Parameter Name ; Value                        ; Type                 ;
+----------------+------------------------------+----------------------+
; DIVISOR        ; 0010111110101111000010000000 ; Unsigned Binary      ;
+----------------+------------------------------+----------------------+
Note: In order to hide this table in the UI and the text report file, please set the "Show Parameter Settings in Synthesis Report" option in "Analysis and Synthesis Settings -> More Settings" to "Off".


+---------------------------------------------------------------------------------------------------------------------+
; Port Connectivity Checks: "Clock_divider_E1:clk_E1"                                                                 ;
+-----------+--------+----------+-------------------------------------------------------------------------------------+
; Port      ; Type   ; Severity ; Details                                                                             ;
+-----------+--------+----------+-------------------------------------------------------------------------------------+
; clock_out ; Output ; Info     ; Connected to dangling logic. Logic that only feeds a dangling port will be removed. ;
+-----------+--------+----------+-------------------------------------------------------------------------------------+


+------------------------------------------------------------------------------------------------------------------+
; Port Connectivity Checks: "vga_driver:driver"                                                                    ;
+--------+--------+----------+-------------------------------------------------------------------------------------+
; Port   ; Type   ; Severity ; Details                                                                             ;
+--------+--------+----------+-------------------------------------------------------------------------------------+
; next_y ; Output ; Info     ; Connected to dangling logic. Logic that only feeds a dangling port will be removed. ;
+--------+--------+----------+-------------------------------------------------------------------------------------+


+-----------------------------------------------------+
; Post-Synthesis Netlist Statistics for Top Partition ;
+-----------------------+-----------------------------+
; Type                  ; Count                       ;
+-----------------------+-----------------------------+
; boundary_port         ; 49                          ;
; cycloneiii_ff         ; 116                         ;
;     CLR               ; 53                          ;
;     ENA               ; 5                           ;
;     ENA SCLR          ; 10                          ;
;     SCLR              ; 45                          ;
;     plain             ; 3                           ;
; cycloneiii_lcell_comb ; 355                         ;
;     arith             ; 76                          ;
;         2 data inputs ; 76                          ;
;     normal            ; 279                         ;
;         0 data inputs ; 1                           ;
;         1 data inputs ; 6                           ;
;         2 data inputs ; 39                          ;
;         3 data inputs ; 68                          ;
;         4 data inputs ; 165                         ;
;                       ;                             ;
; Max LUT depth         ; 7.00                        ;
; Average LUT depth     ; 4.18                        ;
+-----------------------+-----------------------------+


+-------------------------------+
; Elapsed Time Per Partition    ;
+----------------+--------------+
; Partition Name ; Elapsed Time ;
+----------------+--------------+
; Top            ; 00:00:01     ;
+----------------+--------------+


+-------------------------------+
; Analysis & Synthesis Messages ;
+-------------------------------+
Info: *******************************************************************
Info: Running Quartus Prime Analysis & Synthesis
    Info: Version 16.1.0 Build 196 10/24/2016 SJ Lite Edition
    Info: Processing started: Fri Dec 08 11:48:03 2023
Info: Command: quartus_map --read_settings_files=on --write_settings_files=off frogger -c frogger
Warning (18236): Number of processors has not been specified which may cause overloading on shared machines.  Set the global assignment NUM_PARALLEL_PROCESSORS in your QSF to an appropriate value for best performance.
Info (20030): Parallel compilation is enabled and will use 4 of the 4 processors detected
Info (12021): Found 1 design units, including 1 entities, in source file frogger.v
    Info (12023): Found entity 1: frogger File: C:/Users/benjamad/Documents/GitHub/ECE306_Final_Project/frogger.v Line: 1
Info (12021): Found 1 design units, including 1 entities, in source file vga_driver.v
    Info (12023): Found entity 1: vga_driver File: C:/Users/benjamad/Documents/GitHub/ECE306_Final_Project/vga_driver.v Line: 1
Info (12021): Found 1 design units, including 1 entities, in source file clock_divider.v
    Info (12023): Found entity 1: Clock_divider File: C:/Users/benjamad/Documents/GitHub/ECE306_Final_Project/Clock_divider.v Line: 4
Warning (10229): Verilog HDL Expression warning at debounce.v(19): truncated literal to match 3 bits File: C:/Users/benjamad/Documents/GitHub/ECE306_Final_Project/debounce.v Line: 19
Info (12021): Found 1 design units, including 1 entities, in source file debounce.v
    Info (12023): Found entity 1: debounce File: C:/Users/benjamad/Documents/GitHub/ECE306_Final_Project/debounce.v Line: 1
Info (12021): Found 1 design units, including 1 entities, in source file clock_divider_e1.v
    Info (12023): Found entity 1: Clock_divider_E1 File: C:/Users/benjamad/Documents/GitHub/ECE306_Final_Project/Clock_divider_E1.v Line: 4
Info (12127): Elaborating entity "frogger" for the top level hierarchy
Warning (10036): Verilog HDL or VHDL warning at frogger.v(74): object "E1_x" assigned a value but never read File: C:/Users/benjamad/Documents/GitHub/ECE306_Final_Project/frogger.v Line: 74
Info (10018): Can't recognize finite state machine "E1s" because it has a complex reset state
Info (12128): Elaborating entity "Clock_divider" for hierarchy "Clock_divider:clk_25_MHz" File: C:/Users/benjamad/Documents/GitHub/ECE306_Final_Project/frogger.v Line: 22
Info (12128): Elaborating entity "vga_driver" for hierarchy "vga_driver:driver" File: C:/Users/benjamad/Documents/GitHub/ECE306_Final_Project/frogger.v Line: 28
Info (12128): Elaborating entity "Clock_divider_E1" for hierarchy "Clock_divider_E1:clk_E1" File: C:/Users/benjamad/Documents/GitHub/ECE306_Final_Project/frogger.v Line: 72
Warning (13004): Presettable and clearable registers converted to equivalent circuits with latches. Registers power-up to an undefined state, and DEVCLRn places the registers in an undefined state.
    Warning (13310): Register "color_in[2]" is converted into an equivalent circuit using register "color_in[2]~_emulated" and latch "color_in[2]~1" File: C:/Users/benjamad/Documents/GitHub/ECE306_Final_Project/frogger.v Line: 315
    Warning (13310): Register "E1s.E1M20" is converted into an equivalent circuit using register "E1s.E1M20~_emulated" and latch "E1s.E1M20~1" File: C:/Users/benjamad/Documents/GitHub/ECE306_Final_Project/frogger.v Line: 68
    Warning (13310): Register "E1s.E1M19" is converted into an equivalent circuit using register "E1s.E1M19~_emulated" and latch "E1s.E1M19~1" File: C:/Users/benjamad/Documents/GitHub/ECE306_Final_Project/frogger.v Line: 68
    Warning (13310): Register "E1s.E1M18" is converted into an equivalent circuit using register "E1s.E1M18~_emulated" and latch "E1s.E1M18~1" File: C:/Users/benjamad/Documents/GitHub/ECE306_Final_Project/frogger.v Line: 68
    Warning (13310): Register "E1s.E1M17" is converted into an equivalent circuit using register "E1s.E1M17~_emulated" and latch "E1s.E1M17~1" File: C:/Users/benjamad/Documents/GitHub/ECE306_Final_Project/frogger.v Line: 68
    Warning (13310): Register "E1s.E1M16" is converted into an equivalent circuit using register "E1s.E1M16~_emulated" and latch "E1s.E1M16~1" File: C:/Users/benjamad/Documents/GitHub/ECE306_Final_Project/frogger.v Line: 68
    Warning (13310): Register "E1s.E1M15" is converted into an equivalent circuit using register "E1s.E1M15~_emulated" and latch "E1s.E1M15~1" File: C:/Users/benjamad/Documents/GitHub/ECE306_Final_Project/frogger.v Line: 68
    Warning (13310): Register "E1s.E1M14" is converted into an equivalent circuit using register "E1s.E1M14~_emulated" and latch "E1s.E1M14~1" File: C:/Users/benjamad/Documents/GitHub/ECE306_Final_Project/frogger.v Line: 68
    Warning (13310): Register "E1s.E1M13" is converted into an equivalent circuit using register "E1s.E1M13~_emulated" and latch "E1s.E1M13~1" File: C:/Users/benjamad/Documents/GitHub/ECE306_Final_Project/frogger.v Line: 68
    Warning (13310): Register "E1s.E1M12" is converted into an equivalent circuit using register "E1s.E1M12~_emulated" and latch "E1s.E1M12~1" File: C:/Users/benjamad/Documents/GitHub/ECE306_Final_Project/frogger.v Line: 68
    Warning (13310): Register "E1s.E1M11" is converted into an equivalent circuit using register "E1s.E1M11~_emulated" and latch "E1s.E1M11~1" File: C:/Users/benjamad/Documents/GitHub/ECE306_Final_Project/frogger.v Line: 68
    Warning (13310): Register "E1s.E1M10" is converted into an equivalent circuit using register "E1s.E1M10~_emulated" and latch "E1s.E1M10~1" File: C:/Users/benjamad/Documents/GitHub/ECE306_Final_Project/frogger.v Line: 68
    Warning (13310): Register "E1s.E1M9" is converted into an equivalent circuit using register "E1s.E1M9~_emulated" and latch "E1s.E1M9~1" File: C:/Users/benjamad/Documents/GitHub/ECE306_Final_Project/frogger.v Line: 68
    Warning (13310): Register "E1s.E1M8" is converted into an equivalent circuit using register "E1s.E1M8~_emulated" and latch "E1s.E1M8~1" File: C:/Users/benjamad/Documents/GitHub/ECE306_Final_Project/frogger.v Line: 68
    Warning (13310): Register "E1s.E1M7" is converted into an equivalent circuit using register "E1s.E1M7~_emulated" and latch "E1s.E1M7~1" File: C:/Users/benjamad/Documents/GitHub/ECE306_Final_Project/frogger.v Line: 68
    Warning (13310): Register "E1s.E1M6" is converted into an equivalent circuit using register "E1s.E1M6~_emulated" and latch "E1s.E1M6~1" File: C:/Users/benjamad/Documents/GitHub/ECE306_Final_Project/frogger.v Line: 68
    Warning (13310): Register "E1s.E1M5" is converted into an equivalent circuit using register "E1s.E1M5~_emulated" and latch "E1s.E1M5~1" File: C:/Users/benjamad/Documents/GitHub/ECE306_Final_Project/frogger.v Line: 68
    Warning (13310): Register "E1s.E1M4" is converted into an equivalent circuit using register "E1s.E1M4~_emulated" and latch "E1s.E1M4~1" File: C:/Users/benjamad/Documents/GitHub/ECE306_Final_Project/frogger.v Line: 68
    Warning (13310): Register "E1s.E1M3" is converted into an equivalent circuit using register "E1s.E1M3~_emulated" and latch "E1s.E1M3~1" File: C:/Users/benjamad/Documents/GitHub/ECE306_Final_Project/frogger.v Line: 68
    Warning (13310): Register "E1s.E1M2" is converted into an equivalent circuit using register "E1s.E1M2~_emulated" and latch "E1s.E1M2~1" File: C:/Users/benjamad/Documents/GitHub/ECE306_Final_Project/frogger.v Line: 68
    Warning (13310): Register "E1s.E1M1" is converted into an equivalent circuit using register "E1s.E1M1~_emulated" and latch "E1s.E1M1~1" File: C:/Users/benjamad/Documents/GitHub/ECE306_Final_Project/frogger.v Line: 68
    Warning (13310): Register "count[31]" is converted into an equivalent circuit using register "count[31]~_emulated" and latch "count[31]~1" File: C:/Users/benjamad/Documents/GitHub/ECE306_Final_Project/frogger.v Line: 412
    Warning (13310): Register "count[30]" is converted into an equivalent circuit using register "count[30]~_emulated" and latch "count[30]~5" File: C:/Users/benjamad/Documents/GitHub/ECE306_Final_Project/frogger.v Line: 412
    Warning (13310): Register "count[29]" is converted into an equivalent circuit using register "count[29]~_emulated" and latch "count[29]~9" File: C:/Users/benjamad/Documents/GitHub/ECE306_Final_Project/frogger.v Line: 412
    Warning (13310): Register "count[28]" is converted into an equivalent circuit using register "count[28]~_emulated" and latch "count[28]~13" File: C:/Users/benjamad/Documents/GitHub/ECE306_Final_Project/frogger.v Line: 412
    Warning (13310): Register "count[27]" is converted into an equivalent circuit using register "count[27]~_emulated" and latch "count[27]~17" File: C:/Users/benjamad/Documents/GitHub/ECE306_Final_Project/frogger.v Line: 412
    Warning (13310): Register "count[26]" is converted into an equivalent circuit using register "count[26]~_emulated" and latch "count[26]~21" File: C:/Users/benjamad/Documents/GitHub/ECE306_Final_Project/frogger.v Line: 412
    Warning (13310): Register "count[25]" is converted into an equivalent circuit using register "count[25]~_emulated" and latch "count[25]~25" File: C:/Users/benjamad/Documents/GitHub/ECE306_Final_Project/frogger.v Line: 412
    Warning (13310): Register "count[24]" is converted into an equivalent circuit using register "count[24]~_emulated" and latch "count[24]~29" File: C:/Users/benjamad/Documents/GitHub/ECE306_Final_Project/frogger.v Line: 412
    Warning (13310): Register "count[23]" is converted into an equivalent circuit using register "count[23]~_emulated" and latch "count[23]~33" File: C:/Users/benjamad/Documents/GitHub/ECE306_Final_Project/frogger.v Line: 412
    Warning (13310): Register "count[22]" is converted into an equivalent circuit using register "count[22]~_emulated" and latch "count[22]~37" File: C:/Users/benjamad/Documents/GitHub/ECE306_Final_Project/frogger.v Line: 412
    Warning (13310): Register "count[21]" is converted into an equivalent circuit using register "count[21]~_emulated" and latch "count[21]~41" File: C:/Users/benjamad/Documents/GitHub/ECE306_Final_Project/frogger.v Line: 412
    Warning (13310): Register "count[20]" is converted into an equivalent circuit using register "count[20]~_emulated" and latch "count[20]~45" File: C:/Users/benjamad/Documents/GitHub/ECE306_Final_Project/frogger.v Line: 412
    Warning (13310): Register "count[19]" is converted into an equivalent circuit using register "count[19]~_emulated" and latch "count[19]~49" File: C:/Users/benjamad/Documents/GitHub/ECE306_Final_Project/frogger.v Line: 412
    Warning (13310): Register "count[18]" is converted into an equivalent circuit using register "count[18]~_emulated" and latch "count[18]~53" File: C:/Users/benjamad/Documents/GitHub/ECE306_Final_Project/frogger.v Line: 412
    Warning (13310): Register "count[17]" is converted into an equivalent circuit using register "count[17]~_emulated" and latch "count[17]~57" File: C:/Users/benjamad/Documents/GitHub/ECE306_Final_Project/frogger.v Line: 412
    Warning (13310): Register "count[16]" is converted into an equivalent circuit using register "count[16]~_emulated" and latch "count[16]~61" File: C:/Users/benjamad/Documents/GitHub/ECE306_Final_Project/frogger.v Line: 412
    Warning (13310): Register "count[15]" is converted into an equivalent circuit using register "count[15]~_emulated" and latch "count[15]~65" File: C:/Users/benjamad/Documents/GitHub/ECE306_Final_Project/frogger.v Line: 412
    Warning (13310): Register "count[14]" is converted into an equivalent circuit using register "count[14]~_emulated" and latch "count[14]~69" File: C:/Users/benjamad/Documents/GitHub/ECE306_Final_Project/frogger.v Line: 412
    Warning (13310): Register "count[13]" is converted into an equivalent circuit using register "count[13]~_emulated" and latch "count[13]~73" File: C:/Users/benjamad/Documents/GitHub/ECE306_Final_Project/frogger.v Line: 412
    Warning (13310): Register "count[12]" is converted into an equivalent circuit using register "count[12]~_emulated" and latch "count[12]~77" File: C:/Users/benjamad/Documents/GitHub/ECE306_Final_Project/frogger.v Line: 412
    Warning (13310): Register "count[11]" is converted into an equivalent circuit using register "count[11]~_emulated" and latch "count[11]~81" File: C:/Users/benjamad/Documents/GitHub/ECE306_Final_Project/frogger.v Line: 412
    Warning (13310): Register "count[10]" is converted into an equivalent circuit using register "count[10]~_emulated" and latch "count[10]~85" File: C:/Users/benjamad/Documents/GitHub/ECE306_Final_Project/frogger.v Line: 412
    Warning (13310): Register "count[9]" is converted into an equivalent circuit using register "count[9]~_emulated" and latch "count[9]~89" File: C:/Users/benjamad/Documents/GitHub/ECE306_Final_Project/frogger.v Line: 412
    Warning (13310): Register "count[8]" is converted into an equivalent circuit using register "count[8]~_emulated" and latch "count[8]~93" File: C:/Users/benjamad/Documents/GitHub/ECE306_Final_Project/frogger.v Line: 412
    Warning (13310): Register "count[7]" is converted into an equivalent circuit using register "count[7]~_emulated" and latch "count[7]~97" File: C:/Users/benjamad/Documents/GitHub/ECE306_Final_Project/frogger.v Line: 412
    Warning (13310): Register "count[6]" is converted into an equivalent circuit using register "count[6]~_emulated" and latch "count[6]~101" File: C:/Users/benjamad/Documents/GitHub/ECE306_Final_Project/frogger.v Line: 412
    Warning (13310): Register "count[5]" is converted into an equivalent circuit using register "count[5]~_emulated" and latch "count[5]~105" File: C:/Users/benjamad/Documents/GitHub/ECE306_Final_Project/frogger.v Line: 412
    Warning (13310): Register "count[4]" is converted into an equivalent circuit using register "count[4]~_emulated" and latch "count[4]~109" File: C:/Users/benjamad/Documents/GitHub/ECE306_Final_Project/frogger.v Line: 412
    Warning (13310): Register "count[3]" is converted into an equivalent circuit using register "count[3]~_emulated" and latch "count[3]~113" File: C:/Users/benjamad/Documents/GitHub/ECE306_Final_Project/frogger.v Line: 412
    Warning (13310): Register "count[2]" is converted into an equivalent circuit using register "count[2]~_emulated" and latch "count[2]~117" File: C:/Users/benjamad/Documents/GitHub/ECE306_Final_Project/frogger.v Line: 412
    Warning (13310): Register "count[1]" is converted into an equivalent circuit using register "count[1]~_emulated" and latch "count[1]~121" File: C:/Users/benjamad/Documents/GitHub/ECE306_Final_Project/frogger.v Line: 412
    Warning (13310): Register "count[0]" is converted into an equivalent circuit using register "count[0]~_emulated" and latch "count[0]~125" File: C:/Users/benjamad/Documents/GitHub/ECE306_Final_Project/frogger.v Line: 412
Warning (13024): Output pins are stuck at VCC or GND
    Warning (13410): Pin "red[0]" is stuck at GND File: C:/Users/benjamad/Documents/GitHub/ECE306_Final_Project/frogger.v Line: 4
    Warning (13410): Pin "red[1]" is stuck at GND File: C:/Users/benjamad/Documents/GitHub/ECE306_Final_Project/frogger.v Line: 4
    Warning (13410): Pin "red[2]" is stuck at GND File: C:/Users/benjamad/Documents/GitHub/ECE306_Final_Project/frogger.v Line: 4
    Warning (13410): Pin "red[3]" is stuck at GND File: C:/Users/benjamad/Documents/GitHub/ECE306_Final_Project/frogger.v Line: 4
    Warning (13410): Pin "red[4]" is stuck at GND File: C:/Users/benjamad/Documents/GitHub/ECE306_Final_Project/frogger.v Line: 4
    Warning (13410): Pin "red[5]" is stuck at GND File: C:/Users/benjamad/Documents/GitHub/ECE306_Final_Project/frogger.v Line: 4
    Warning (13410): Pin "red[6]" is stuck at GND File: C:/Users/benjamad/Documents/GitHub/ECE306_Final_Project/frogger.v Line: 4
    Warning (13410): Pin "red[7]" is stuck at GND File: C:/Users/benjamad/Documents/GitHub/ECE306_Final_Project/frogger.v Line: 4
    Warning (13410): Pin "green[0]" is stuck at GND File: C:/Users/benjamad/Documents/GitHub/ECE306_Final_Project/frogger.v Line: 5
    Warning (13410): Pin "green[1]" is stuck at GND File: C:/Users/benjamad/Documents/GitHub/ECE306_Final_Project/frogger.v Line: 5
    Warning (13410): Pin "green[2]" is stuck at GND File: C:/Users/benjamad/Documents/GitHub/ECE306_Final_Project/frogger.v Line: 5
    Warning (13410): Pin "green[3]" is stuck at GND File: C:/Users/benjamad/Documents/GitHub/ECE306_Final_Project/frogger.v Line: 5
    Warning (13410): Pin "green[4]" is stuck at GND File: C:/Users/benjamad/Documents/GitHub/ECE306_Final_Project/frogger.v Line: 5
    Warning (13410): Pin "blue[0]" is stuck at GND File: C:/Users/benjamad/Documents/GitHub/ECE306_Final_Project/frogger.v Line: 6
    Warning (13410): Pin "blue[1]" is stuck at GND File: C:/Users/benjamad/Documents/GitHub/ECE306_Final_Project/frogger.v Line: 6
    Warning (13410): Pin "blue[2]" is stuck at GND File: C:/Users/benjamad/Documents/GitHub/ECE306_Final_Project/frogger.v Line: 6
    Warning (13410): Pin "blue[3]" is stuck at GND File: C:/Users/benjamad/Documents/GitHub/ECE306_Final_Project/frogger.v Line: 6
    Warning (13410): Pin "blue[4]" is stuck at GND File: C:/Users/benjamad/Documents/GitHub/ECE306_Final_Project/frogger.v Line: 6
    Warning (13410): Pin "blue[5]" is stuck at GND File: C:/Users/benjamad/Documents/GitHub/ECE306_Final_Project/frogger.v Line: 6
    Warning (13410): Pin "blue[6]" is stuck at GND File: C:/Users/benjamad/Documents/GitHub/ECE306_Final_Project/frogger.v Line: 6
    Warning (13410): Pin "blue[7]" is stuck at GND File: C:/Users/benjamad/Documents/GitHub/ECE306_Final_Project/frogger.v Line: 6
    Warning (13410): Pin "sync" is stuck at GND File: C:/Users/benjamad/Documents/GitHub/ECE306_Final_Project/frogger.v Line: 7
Info (286030): Timing-Driven Synthesis is running
Info (17049): 16 registers lost all their fanouts during netlist optimizations.
Info (16010): Generating hard_block partition "hard_block:auto_generated_inst"
    Info (16011): Adding 0 node(s), including 0 DDIO, 0 PLL, 0 transceiver and 0 LCELL
Warning (21074): Design contains 18 input pin(s) that do not drive logic
    Warning (15610): No output dependent on input pin "SW[0]" File: C:/Users/benjamad/Documents/GitHub/ECE306_Final_Project/frogger.v Line: 3
    Warning (15610): No output dependent on input pin "SW[1]" File: C:/Users/benjamad/Documents/GitHub/ECE306_Final_Project/frogger.v Line: 3
    Warning (15610): No output dependent on input pin "SW[2]" File: C:/Users/benjamad/Documents/GitHub/ECE306_Final_Project/frogger.v Line: 3
    Warning (15610): No output dependent on input pin "SW[3]" File: C:/Users/benjamad/Documents/GitHub/ECE306_Final_Project/frogger.v Line: 3
    Warning (15610): No output dependent on input pin "SW[4]" File: C:/Users/benjamad/Documents/GitHub/ECE306_Final_Project/frogger.v Line: 3
    Warning (15610): No output dependent on input pin "SW[5]" File: C:/Users/benjamad/Documents/GitHub/ECE306_Final_Project/frogger.v Line: 3
    Warning (15610): No output dependent on input pin "SW[6]" File: C:/Users/benjamad/Documents/GitHub/ECE306_Final_Project/frogger.v Line: 3
    Warning (15610): No output dependent on input pin "SW[7]" File: C:/Users/benjamad/Documents/GitHub/ECE306_Final_Project/frogger.v Line: 3
    Warning (15610): No output dependent on input pin "SW[8]" File: C:/Users/benjamad/Documents/GitHub/ECE306_Final_Project/frogger.v Line: 3
    Warning (15610): No output dependent on input pin "SW[9]" File: C:/Users/benjamad/Documents/GitHub/ECE306_Final_Project/frogger.v Line: 3
    Warning (15610): No output dependent on input pin "SW[10]" File: C:/Users/benjamad/Documents/GitHub/ECE306_Final_Project/frogger.v Line: 3
    Warning (15610): No output dependent on input pin "SW[11]" File: C:/Users/benjamad/Documents/GitHub/ECE306_Final_Project/frogger.v Line: 3
    Warning (15610): No output dependent on input pin "SW[12]" File: C:/Users/benjamad/Documents/GitHub/ECE306_Final_Project/frogger.v Line: 3
    Warning (15610): No output dependent on input pin "SW[13]" File: C:/Users/benjamad/Documents/GitHub/ECE306_Final_Project/frogger.v Line: 3
    Warning (15610): No output dependent on input pin "SW[14]" File: C:/Users/benjamad/Documents/GitHub/ECE306_Final_Project/frogger.v Line: 3
    Warning (15610): No output dependent on input pin "SW[15]" File: C:/Users/benjamad/Documents/GitHub/ECE306_Final_Project/frogger.v Line: 3
    Warning (15610): No output dependent on input pin "SW[16]" File: C:/Users/benjamad/Documents/GitHub/ECE306_Final_Project/frogger.v Line: 3
    Warning (15610): No output dependent on input pin "SW[17]" File: C:/Users/benjamad/Documents/GitHub/ECE306_Final_Project/frogger.v Line: 3
Info (21057): Implemented 458 device resources after synthesis - the final resource count might be different
    Info (21058): Implemented 20 input pins
    Info (21059): Implemented 29 output pins
    Info (21061): Implemented 409 logic cells
Info: Quartus Prime Analysis & Synthesis was successful. 0 errors, 99 warnings
    Info: Peak virtual memory: 4781 megabytes
    Info: Processing ended: Fri Dec 08 11:48:14 2023
    Info: Elapsed time: 00:00:11
    Info: Total CPU time (on all processors): 00:00:21


